<?xml version="1.0" encoding="UTF-8"?>
<!-- Generated by org.testng.reporters.JUnitReportReporter -->
<testsuite hostname="admin-PC" name="com.bpm.runner.TestRunner" tests="1" failures="0" timestamp="14 May 2017 17:51:58 GMT" time="23.644" errors="0">
  <testcase name="run_cukes" time="23.644" classname="com.bpm.runner.TestRunner"/>
</testsuite> <!-- com.bpm.runner.TestRunner -->
